  МитричевПроект.cpp
C:\Users\79889\Desktop\C++\МитричевПроект\МитричевПроект\МитричевПроект.cpp(28,23): error C3872: 0xbb: этот символ невозможно использовать в идентификаторе
C:\Users\79889\Desktop\C++\МитричевПроект\МитричевПроект\МитричевПроект.cpp(28,23): error C2065: double»: необъявленный идентификатор
C:\Users\79889\Desktop\C++\МитричевПроект\МитричевПроект\МитричевПроект.cpp(28,32): error C2146: синтаксическая ошибка: отсутствие ">" перед идентификатором "c"
C:\Users\79889\Desktop\C++\МитричевПроект\МитричевПроект\МитричевПроект.cpp(28,61): error C2059: синтаксическая ошибка: )
C:\Users\79889\Desktop\C++\МитричевПроект\МитричевПроект\МитричевПроект.cpp(29,24): error C2065: end_time: необъявленный идентификатор
C:\Users\79889\Desktop\C++\МитричевПроект\МитричевПроект\МитричевПроект.cpp(32,5): error C2143: синтаксическая ошибка: отсутствие ")" перед ";"
C:\Users\79889\Desktop\C++\МитричевПроект\МитричевПроект\МитричевПроект.cpp(32,23): error C2947: требуется ">" для завершения список аргументов шаблона, обнаружено "<"
C:\Users\79889\Desktop\C++\МитричевПроект\МитричевПроект\МитричевПроект.cpp(32,25): error C2146: синтаксическая ошибка: отсутствие ">" перед идентификатором "Nx"
C:\Users\79889\Desktop\C++\МитричевПроект\МитричевПроект\МитричевПроект.cpp(32,34): error C2143: синтаксическая ошибка: отсутствие ";" перед "{"
C:\Users\79889\Desktop\C++\МитричевПроект\МитричевПроект\МитричевПроект.cpp(34,5): error C2143: синтаксическая ошибка: отсутствие ";" перед "}"
C:\Users\79889\Desktop\C++\МитричевПроект\МитричевПроект\МитричевПроект.cpp(37,23): error C2947: требуется ">" для завершения список аргументов шаблона, обнаружено "<"
C:\Users\79889\Desktop\C++\МитричевПроект\МитричевПроект\МитричевПроект.cpp(37,31): error C2065: n: необъявленный идентификатор
C:\Users\79889\Desktop\C++\МитричевПроект\МитричевПроект\МитричевПроект.cpp(37,32): error C2059: синтаксическая ошибка: )
C:\Users\79889\Desktop\C++\МитричевПроект\МитричевПроект\МитричевПроект.cpp(38,9): error C2065: c: необъявленный идентификатор
C:\Users\79889\Desktop\C++\МитричевПроект\МитричевПроект\МитричевПроект.cpp(38,11): error C2065: n: необъявленный идентификатор
C:\Users\79889\Desktop\C++\МитричевПроект\МитричевПроект\МитричевПроект.cpp(38,22): error C2059: синтаксическая ошибка: ;
C:\Users\79889\Desktop\C++\МитричевПроект\МитричевПроект\МитричевПроект.cpp(41,25): error C4430: отсутствует спецификатор типа - предполагается int. Примечание. C++ не поддерживает int по умолчанию
C:\Users\79889\Desktop\C++\МитричевПроект\МитричевПроект\МитричевПроект.cpp(41,5): error C2365: omp_set_num_threads: переопределение; предыдущим определением было "функция"
C:\Program Files\Microsoft Visual Studio\2022\Community\VC\Tools\MSVC\14.37.32822\include\omp.h(47,1): message : см. объявление "omp_set_num_threads"
C:\Users\79889\Desktop\C++\МитричевПроект\МитричевПроект\МитричевПроект.cpp(43,18): error C4430: отсутствует спецификатор типа - предполагается int. Примечание. C++ не поддерживает int по умолчанию
C:\Users\79889\Desktop\C++\МитричевПроект\МитричевПроект\МитричевПроект.cpp(43,16): warning C4244: инициализация: преобразование "double" в "int", возможна потеря данных
C:\Users\79889\Desktop\C++\МитричевПроект\МитричевПроект\МитричевПроект.cpp(46,5): error C2059: синтаксическая ошибка: for
C:\Users\79889\Desktop\C++\МитричевПроект\МитричевПроект\МитричевПроект.cpp(46,5): error C2143: синтаксическая ошибка: отсутствие ")" перед ";"
C:\Users\79889\Desktop\C++\МитричевПроект\МитричевПроект\МитричевПроект.cpp(46,23): error C2143: синтаксическая ошибка: отсутствие ";" перед "<"
C:\Users\79889\Desktop\C++\МитричевПроект\МитричевПроект\МитричевПроект.cpp(46,23): error C4430: отсутствует спецификатор типа - предполагается int. Примечание. C++ не поддерживает int по умолчанию
C:\Users\79889\Desktop\C++\МитричевПроект\МитричевПроект\МитричевПроект.cpp(46,23): error C2059: синтаксическая ошибка: <
C:\Users\79889\Desktop\C++\МитричевПроект\МитричевПроект\МитричевПроект.cpp(46,33): error C2059: синтаксическая ошибка: ++
C:\Users\79889\Desktop\C++\МитричевПроект\МитричевПроект\МитричевПроект.cpp(46,36): error C2059: синтаксическая ошибка: )
C:\Users\79889\Desktop\C++\МитричевПроект\МитричевПроект\МитричевПроект.cpp(46,38): error C2143: синтаксическая ошибка: отсутствие ";" перед "{"
C:\Users\79889\Desktop\C++\МитричевПроект\МитричевПроект\МитричевПроект.cpp(46,38): error C2447: {: отсутствует заголовок функции (возможно, используется формальный список старого типа)
C:\Users\79889\Desktop\C++\МитричевПроект\МитричевПроект\МитричевПроект.cpp(51,16): error C4430: отсутствует спецификатор типа - предполагается int. Примечание. C++ не поддерживает int по умолчанию
C:\Users\79889\Desktop\C++\МитричевПроект\МитричевПроект\МитричевПроект.cpp(51,14): warning C4244: инициализация: преобразование "double" в "int", возможна потеря данных
C:\Users\79889\Desktop\C++\МитричевПроект\МитричевПроект\МитричевПроект.cpp(55,10): error C3873: "0xab": этот символ недопустим как первый символ идентификатора
C:\Users\79889\Desktop\C++\МитричевПроект\МитричевПроект\МитричевПроект.cpp(55,13): error C4430: отсутствует спецификатор типа - предполагается int. Примечание. C++ не поддерживает int по умолчанию
C:\Users\79889\Desktop\C++\МитричевПроект\МитричевПроект\МитричевПроект.cpp(55,10): error C2146: синтаксическая ошибка: отсутствие ";" перед идентификатором "«"
C:\Users\79889\Desktop\C++\МитричевПроект\МитричевПроект\МитричевПроект.cpp(55,93): error C3873: "0xab": этот символ недопустим как первый символ идентификатора
C:\Users\79889\Desktop\C++\МитричевПроект\МитричевПроект\МитричевПроект.cpp(55,110): error C3873: "0xab": этот символ недопустим как первый символ идентификатора
C:\Users\79889\Desktop\C++\МитричевПроект\МитричевПроект\МитричевПроект.cpp(55,130): error C3873: "0xab": этот символ недопустим как первый символ идентификатора
C:\Users\79889\Desktop\C++\МитричевПроект\МитричевПроект\МитричевПроект.cpp(58,18): error C4430: отсутствует спецификатор типа - предполагается int. Примечание. C++ не поддерживает int по умолчанию
C:\Users\79889\Desktop\C++\МитричевПроект\МитричевПроект\МитричевПроект.cpp(58,5): error C2374: start_time: переопределение; множественная инициализация
C:\Users\79889\Desktop\C++\МитричевПроект\МитричевПроект\МитричевПроект.cpp(43,5): message : см. объявление "start_time"
C:\Users\79889\Desktop\C++\МитричевПроект\МитричевПроект\МитричевПроект.cpp(59,5): error C2059: синтаксическая ошибка: for
C:\Users\79889\Desktop\C++\МитричевПроект\МитричевПроект\МитричевПроект.cpp(59,5): error C2143: синтаксическая ошибка: отсутствие ")" перед ";"
C:\Users\79889\Desktop\C++\МитричевПроект\МитричевПроект\МитричевПроект.cpp(59,23): error C2143: синтаксическая ошибка: отсутствие ";" перед "<"
C:\Users\79889\Desktop\C++\МитричевПроект\МитричевПроект\МитричевПроект.cpp(59,23): error C4430: отсутствует спецификатор типа - предполагается int. Примечание. C++ не поддерживает int по умолчанию
C:\Users\79889\Desktop\C++\МитричевПроект\МитричевПроект\МитричевПроект.cpp(59,21): error C2086: int n: переопределение
C:\Users\79889\Desktop\C++\МитричевПроект\МитричевПроект\МитричевПроект.cpp(46,21): message : см. объявление "n"
C:\Users\79889\Desktop\C++\МитричевПроект\МитричевПроект\МитричевПроект.cpp(59,23): error C2059: синтаксическая ошибка: <
C:\Users\79889\Desktop\C++\МитричевПроект\МитричевПроект\МитричевПроект.cpp(59,33): error C2059: синтаксическая ошибка: ++
C:\Users\79889\Desktop\C++\МитричевПроект\МитричевПроект\МитричевПроект.cpp(59,36): error C2059: синтаксическая ошибка: )
C:\Users\79889\Desktop\C++\МитричевПроект\МитричевПроект\МитричевПроект.cpp(59,38): error C2143: синтаксическая ошибка: отсутствие ";" перед "{"
C:\Users\79889\Desktop\C++\МитричевПроект\МитричевПроект\МитричевПроект.cpp(59,38): error C2447: {: отсутствует заголовок функции (возможно, используется формальный список старого типа)
C:\Users\79889\Desktop\C++\МитричевПроект\МитричевПроект\МитричевПроект.cpp(64,16): error C4430: отсутствует спецификатор типа - предполагается int. Примечание. C++ не поддерживает int по умолчанию
C:\Users\79889\Desktop\C++\МитричевПроект\МитричевПроект\МитричевПроект.cpp(64,5): error C2374: end_time: переопределение; множественная инициализация
C:\Users\79889\Desktop\C++\МитричевПроект\МитричевПроект\МитричевПроект.cpp(51,5): message : см. объявление "end_time"
C:\Users\79889\Desktop\C++\МитричевПроект\МитричевПроект\МитричевПроект.cpp(67,10): error C3873: "0xab": этот символ недопустим как первый символ идентификатора
C:\Users\79889\Desktop\C++\МитричевПроект\МитричевПроект\МитричевПроект.cpp(67,13): error C4430: отсутствует спецификатор типа - предполагается int. Примечание. C++ не поддерживает int по умолчанию
C:\Users\79889\Desktop\C++\МитричевПроект\МитричевПроект\МитричевПроект.cpp(67,5): error C2086: int cout: переопределение
C:\Users\79889\Desktop\C++\МитричевПроект\МитричевПроект\МитричевПроект.cpp(55,5): message : см. объявление "cout"
C:\Users\79889\Desktop\C++\МитричевПроект\МитричевПроект\МитричевПроект.cpp(67,10): error C2146: синтаксическая ошибка: отсутствие ";" перед идентификатором "«"
C:\Users\79889\Desktop\C++\МитричевПроект\МитричевПроект\МитричевПроект.cpp(67,101): error C3873: "0xab": этот символ недопустим как первый символ идентификатора
C:\Users\79889\Desktop\C++\МитричевПроект\МитричевПроект\МитричевПроект.cpp(67,120): error C3873: "0xab": этот символ недопустим как первый символ идентификатора
C:\Users\79889\Desktop\C++\МитричевПроект\МитричевПроект\МитричевПроект.cpp(67,140): error C3873: "0xab": этот символ недопустим как первый символ идентификатора
C:\Users\79889\Desktop\C++\МитричевПроект\МитричевПроект\МитричевПроект.cpp(68,10): error C3873: "0xab": этот символ недопустим как первый символ идентификатора
C:\Users\79889\Desktop\C++\МитричевПроект\МитричевПроект\МитричевПроект.cpp(68,13): error C4430: отсутствует спецификатор типа - предполагается int. Примечание. C++ не поддерживает int по умолчанию
C:\Users\79889\Desktop\C++\МитричевПроект\МитричевПроект\МитричевПроект.cpp(68,5): error C2086: int cout: переопределение
C:\Users\79889\Desktop\C++\МитричевПроект\МитричевПроект\МитричевПроект.cpp(55,5): message : см. объявление "cout"
C:\Users\79889\Desktop\C++\МитричевПроект\МитричевПроект\МитричевПроект.cpp(68,10): error C2146: синтаксическая ошибка: отсутствие ";" перед идентификатором "«"
C:\Users\79889\Desktop\C++\МитричевПроект\МитричевПроект\МитричевПроект.cpp(68,36): error C3873: "0xab": этот символ недопустим как первый символ идентификатора
C:\Users\79889\Desktop\C++\МитричевПроект\МитричевПроект\МитричевПроект.cpp(68,71): error C3873: "0xab": этот символ недопустим как первый символ идентификатора
C:\Users\79889\Desktop\C++\МитричевПроект\МитричевПроект\МитричевПроект.cpp(68,85): error C3873: "0xab": этот символ недопустим как первый символ идентификатора
C:\Users\79889\Desktop\C++\МитричевПроект\МитричевПроект\МитричевПроект.cpp(70,5): error C2059: синтаксическая ошибка: return
C:\Users\79889\Desktop\C++\МитричевПроект\МитричевПроект\МитричевПроект.cpp(71,1): error C2059: синтаксическая ошибка: }
C:\Users\79889\Desktop\C++\МитричевПроект\МитричевПроект\МитричевПроект.cpp(71,1): error C2143: синтаксическая ошибка: отсутствие ";" перед "}"
